<?xml version="1.0" encoding="UTF-8"?>
<testng-results skipped="0" failed="0" ignored="0" total="1" passed="1">
  <reporter-output>
    <line>
      <![CDATA[Hello World]]>
    </line>
  </reporter-output>
  <suite name="Default suite" duration-ms="61" started-at="2019-04-01T15:31:59Z" finished-at="2019-04-01T15:31:59Z">
    <groups>
    </groups>
    <test name="Default test" duration-ms="61" started-at="2019-04-01T15:31:59Z" finished-at="2019-04-01T15:31:59Z">
      <class name="jenkins.GitJenkinsCheck">
        <test-method status="PASS" signature="printMsg()[pri:0, instance:jenkins.GitJenkinsCheck@2b98378d]" name="printMsg" duration-ms="19" started-at="2019-04-01T15:31:59Z" finished-at="2019-04-01T15:31:59Z">
          <reporter-output>
            <line>
              <![CDATA[Hello World]]>
            </line>
          </reporter-output>
        </test-method> <!-- printMsg -->
      </class> <!-- jenkins.GitJenkinsCheck -->
    </test> <!-- Default test -->
  </suite> <!-- Default suite -->
</testng-results>
